<?xml version="1.0" encoding="utf-8"?><testsuites name="pytest tests"><testsuite name="pytest" errors="0" failures="0" skipped="0" tests="9" time="0.124" timestamp="2026-02-09T21:06:11.993301+01:00" hostname="Mac"><testcase classname="tests.ingest.test_ingest" name="test_ingest_basic" time="0.022" /><testcase classname="tests.ingest.test_ingest" name="test_ingest_missing_registry_entry_raises" time="0.007" /><testcase classname="tests.ingest.test_ingest" name="test_ingest_missing_columns" time="0.008" /><testcase classname="tests.ingest.test_ingest" name="test_ingest_device_log" time="0.009" /><testcase classname="tests.labels.test_label_import" name="test_label_import_basic" time="0.008" /><testcase classname="tests.labels.test_label_import" name="test_label_import_requires_run_id" time="0.005" /><testcase classname="tests.registry.test_registry_import" name="test_registry_import_csv" time="0.006" /><testcase classname="tests.registry.test_registry_import" name="test_registry_import_xlsx" time="0.023" /><testcase classname="tests.registry.test_registry_import" name="test_registry_import_requires_runid" time="0.006" /></testsuite></testsuites>