<?xml version="1.0" encoding="utf-8"?><testsuites name="pytest tests"><testsuite name="pytest" errors="0" failures="0" skipped="0" tests="5" time="0.044" timestamp="2026-02-09T20:37:18.691185+01:00" hostname="Mac"><testcase classname="tests.ingest.test_ingest" name="test_ingest_basic" time="0.009" /><testcase classname="tests.ingest.test_ingest" name="test_ingest_missing_columns" time="0.004" /><testcase classname="tests.ingest.test_ingest" name="test_ingest_device_log" time="0.006" /><testcase classname="tests.labels.test_label_import" name="test_label_import_basic" time="0.006" /><testcase classname="tests.labels.test_label_import" name="test_label_import_requires_run_id" time="0.003" /></testsuite></testsuites>