<?xml version="1.0" encoding="utf-8"?><testsuites name="pytest tests"><testsuite name="pytest" errors="0" failures="0" skipped="0" tests="5" time="0.045" timestamp="2026-02-09T20:29:07.313852+01:00" hostname="Mac"><testcase classname="tests.test_ingest" name="test_ingest_basic" time="0.011" /><testcase classname="tests.test_ingest" name="test_ingest_missing_columns" time="0.004" /><testcase classname="tests.test_ingest" name="test_ingest_device_log" time="0.007" /><testcase classname="tests.test_label_import" name="test_label_import_basic" time="0.005" /><testcase classname="tests.test_label_import" name="test_label_import_requires_run_id" time="0.004" /></testsuite></testsuites>